<?xml version="1.0" encoding="UTF-8"?>
<!-- Generated by org.testng.reporters.JUnitReportReporter -->
<testsuite hostname="DESKTOP-DS81VAM" failures="0" tests="3" name="tests.TestClass" time="0.025" errors="0" timestamp="2022-05-24T18:36:37 IST" skipped="0">
  <testcase classname="tests.TestClass" name="testA" time="0.013"/>
  <system-out/>
  <testcase classname="tests.TestClass" name="testB" time="0.007"/>
  <system-out/>
  <testcase classname="tests.TestClass" name="testC" time="0.005"/>
  <system-out/>
</testsuite> <!-- tests.TestClass -->
