<?xml version="1.0" encoding="UTF-8"?>
<!-- Generated by org.testng.reporters.JUnitReportReporter -->
<testsuite hostname="DESKTOP-DS81VAM" failures="0" tests="2" name="tests.TestClass1" time="0.015" errors="0" timestamp="2022-06-04T11:28:41 IST" skipped="0">
  <testcase classname="tests.TestClass1" name="testA" time="0.012"/>
  <system-out/>
  <testcase classname="tests.TestClass1" name="testB" time="0.003"/>
  <system-out/>
</testsuite> <!-- tests.TestClass1 -->
